<?xml version="1.0" encoding="UTF-8"?>
<testng-results ignored="0" total="1" passed="1" failed="0" skipped="0">
  <reporter-output>
  </reporter-output>
  <suite started-at="2020-12-19T19:13:42 IST" name="Default suite" finished-at="2020-12-19T19:14:14 IST" duration-ms="31084">
    <groups>
    </groups>
    <test started-at="2020-12-19T19:13:42 IST" name="Default test" finished-at="2020-12-19T19:14:14 IST" duration-ms="31084">
      <class name="Windows.Windows3">
        <test-method is-config="true" signature="browserSetUp()[pri:0, instance:Windows.Windows3@318ba8c8]" started-at="2020-12-19T19:13:42 IST" name="browserSetUp" finished-at="2020-12-19T19:13:52 IST" duration-ms="9239" status="PASS">
          <reporter-output>
          </reporter-output>
        </test-method> <!-- browserSetUp -->
        <test-method signature="flipkartOption3()[pri:0, instance:Windows.Windows3@318ba8c8]" started-at="2020-12-19T19:13:52 IST" name="flipkartOption3" finished-at="2020-12-19T19:14:13 IST" duration-ms="20842" status="PASS">
          <reporter-output>
          </reporter-output>
        </test-method> <!-- flipkartOption3 -->
        <test-method is-config="true" signature="tearDown()[pri:0, instance:Windows.Windows3@318ba8c8]" started-at="2020-12-19T19:14:13 IST" name="tearDown" finished-at="2020-12-19T19:14:14 IST" duration-ms="933" status="PASS">
          <reporter-output>
          </reporter-output>
        </test-method> <!-- tearDown -->
      </class> <!-- Windows.Windows3 -->
    </test> <!-- Default test -->
  </suite> <!-- Default suite -->
</testng-results>
