<?xml version="1.0" encoding="UTF-8"?>
<!-- Generated by org.testng.reporters.JUnitXMLReporter -->
<testsuite ignored="0" hostname="Karthik" failures="0" tests="3" name="Default test" time="38.11" errors="0" timestamp="2020-12-14T22:20:02 IST">
  <testcase classname="testng.Fbscenarios" name="login" time="3.269"/>
  <testcase classname="testng.Fbscenarios" name="forgot" time="2.872"/>
  <testcase classname="testng.Fbscenarios" name="signup" time="18.677"/>
</testsuite> <!-- Default test -->
